<?xml version="1.0" encoding="UTF-8"?>
<testsuite name="basic_demo.AppTest" tests="1" skipped="0" failures="0" errors="0" timestamp="2024-04-02T21:01:29" hostname="Air-de-Pedro.lan" time="0.008">
  <properties/>
  <testcase name="testAppHasAGreeting" classname="basic_demo.AppTest" time="0.008"/>
  <system-out><![CDATA[]]></system-out>
  <system-err><![CDATA[]]></system-err>
</testsuite>
